'random values',(0, [0.8637924550622808, 0.43866421122190247])
'action_idx,pos_values:',(2, [0.3788275718688965, 0.2082703858613968])
'action_idx,pos_values:',(2, [0.3788275718688965, 0.2082703858613968])
'action_idx,pos_values:',(5, [0.4750365614891052, 0.17042042315006256])
'action_idx,pos_values:',(5, [0.4480242133140564, 0.1992536336183548])
'action_idx,pos_values:',(5, [0.5218791961669922, 0.12011463195085526])
'random values',(4, [0.28700910720171613, 0.25083633491500446])
'action_idx,pos_values:',(5, [0.45651453733444214, 0.22305700182914734])
'action_idx,pos_values:',(3, [0.46056532859802246, 0.13984985649585724])
'action_idx,pos_values:',(2, [0.4038761556148529, 0.1576102375984192])
'random values',(4, [0.27815519634456665, 0.013860578857543215])
'action_idx,pos_values:',(3, [0.46056532859802246, 0.13984985649585724])
'action_idx,pos_values:',(2, [0.4114185869693756, 0.15277332067489624])
'action_idx,pos_values:',(3, [0.4668547809123993, 0.13500788807868958])
'random values',(0, [0.9947522593109311, 0.5846074961838891])
'random values',(4, [0.7123575540083367, 0.679580165453071])
'action_idx,pos_values:',(3, [0.4668547809123993, 0.13500788807868958])
'action_idx,pos_values:',(3, [0.4668547809123993, 0.13500788807868958])
'random values',(7, [0.8786090597703662, 0.3623753346271049])
'action_idx,pos_values:',(5, [0.5247891545295715, 0.09361974149942398])
'action_idx,pos_values:',(2, [0.42932143807411194, 0.13323219120502472])
'random values',(3, [0.5099418264137783, 0.9635672646944103])
'action_idx,pos_values:',(2, [0.42932143807411194, 0.13323219120502472])
'action_idx,pos_values:',(3, [0.48686274886131287, 0.1150839701294899])
'random values',(1, [0.6756320125773813, 0.26492893337599366])
'random values',(0, [0.6272197779838803, 0.9807752718752641])
'action_idx,pos_values:',(5, [0.5097209215164185, 0.09717816114425659])
'random values',(7, [0.3179446790660252, 0.170138221730182])
'action_idx,pos_values:',(5, [0.41990455985069275, 0.014607623219490051])
'action_idx,pos_values:',(2, [0.35476234555244446, 0.02068660408258438])
'random values',(4, [0.9335636525998596, 0.7971972776066084])
'action_idx,pos_values:',(8, [0.6781896948814392, 0.03336046636104584])
'random values',(2, [0.5830356805739797, 0.49532301863074335])
'random values',(7, [0.8893862402572624, 0.7661523782773858])
'action_idx,pos_values:',(9, [0.8169845938682556, 0.19735796749591827])
'action_idx,pos_values:',(6, [0.6571763157844543, 0.2739676535129547])
'random values',(3, [0.026732863129420248, 0.6452067194891052])
'action_idx,pos_values:',(9, [0.729442834854126, 0.2874239385128021])
'action_idx,pos_values:',(9, [0.7226645350456238, 0.29785194993019104])
'random values',(6, [0.1702174969257102, 0.9464311917465457])
'action_idx,pos_values:',(9, [0.7800837755203247, 0.32830241322517395])
'random values',(2, [0.3674767894146215, 0.1865428932388251])
'random values',(2, [0.14146410368861184, 0.34009274321789573])
'action_idx,pos_values:',(9, [0.6731218695640564, 0.2900373935699463])
'action_idx,pos_values:',(6, [0.6101229786872864, 0.2861729562282562])
'action_idx,pos_values:',(6, [0.6017153859138489, 0.2806869447231293])
'random values',(5, [0.7104650411682605, 0.19431530138693442])
'random values',(0, [0.9575092459698155, 0.9967652273833937])
'action_idx,pos_values:',(6, [0.5982496738433838, 0.23385192453861237])
'random values',(8, [0.10559607830611195, 0.38952111342653906])
'action_idx,pos_values:',(6, [0.5805386304855347, 0.22505609691143036])
'random values',(8, [0.043515429606652334, 0.03865676580029065])
'random values',(7, [0.6631754848012302, 0.5451191886956496])
'action_idx,pos_values:',(6, [0.57404625415802, 0.19431020319461823])
'action_idx,pos_values:',(6, [0.55484539270401, 0.24186116456985474])
'random values',(4, [0.8080351792404299, 0.8298659890126464])
'action_idx,pos_values:',(6, [0.5447760820388794, 0.23214726150035858])
'random values',(4, [0.22395225370929972, 0.2319549955110004])
'action_idx,pos_values:',(6, [0.5354175567626953, 0.23672804236412048])
'action_idx,pos_values:',(6, [0.5298972129821777, 0.2405632734298706])
'random values',(4, [0.06093915663937144, 0.9166564465587446])
'random values',(1, [0.2989442183037825, 0.5325531350991636])
'random values',(2, [0.05057431926188982, 0.06288593110401786])
'random values',(8, [0.7112719965418561, 0.62845472297091])
'action_idx,pos_values:',(9, [0.5957164764404297, 0.21105098724365234])
'action_idx,pos_values:',(6, [0.5388391613960266, 0.25938019156455994])
'random values',(5, [0.05811482418824032, 0.3158876317420014])
'action_idx,pos_values:',(6, [0.5659213662147522, 0.21734564006328583])
'action_idx,pos_values:',(7, [0.5591344237327576, 0.21703092753887177])
'action_idx,pos_values:',(7, [0.5416521430015564, 0.21864710748195648])
'action_idx,pos_values:',(3, [0.5778859853744507, 0.19025813043117523])
'random values',(7, [0.015577754560464174, 0.7574237394723143])
'action_idx,pos_values:',(3, [0.5892375707626343, 0.19874073565006256])
'action_idx,pos_values:',(7, [0.5366137623786926, 0.24434630572795868])
'random values',(8, [0.4900248815050683, 0.9641215433967688])
'action_idx,pos_values:',(0, [0.5049172639846802, 0.3115865886211395])
'action_idx,pos_values:',(7, [0.5179398655891418, 0.3091849982738495])
'action_idx,pos_values:',(5, [0.5293859243392944, 0.3358526825904846])
'action_idx,pos_values:',(0, [0.479113906621933, 0.3584336042404175])
'action_idx,pos_values:',(2, [0.4878421723842621, 0.37213027477264404])
'action_idx,pos_values:',(5, [0.48926061391830444, 0.3873113691806793])
'action_idx,pos_values:',(5, [0.4886307716369629, 0.3870646059513092])
'action_idx,pos_values:',(5, [0.4943141043186188, 0.38683435320854187])
'action_idx,pos_values:',(5, [0.49508941173553467, 0.3720237910747528])
'action_idx,pos_values:',(5, [0.4746836721897125, 0.456389456987381])
'random values',(0, [0.5903722501756115, 0.3923179263268448])
'random values',(3, [0.1507878579350832, 0.6081301237848321])
'action_idx,pos_values:',(5, [0.495215505361557, 0.3759947419166565])
'random values',(4, [0.05420152691210445, 0.5378087623701725])
'action_idx,pos_values:',(5, [0.4704184830188751, 0.2964930236339569])
'random values',(9, [0.6588039171909494, 0.5840622805995862])
'action_idx,pos_values:',(5, [0.4784063696861267, 0.2673795521259308])
'random values',(8, [0.18151666422986246, 0.5648292277082168])
'action_idx,pos_values:',(3, [0.4435912072658539, 0.2629590332508087])
'random values',(4, [0.3579158873138266, 0.6043671279300492])
'action_idx,pos_values:',(3, [0.44453275203704834, 0.2685549855232239])
'action_idx,pos_values:',(3, [0.4440931975841522, 0.28798383474349976])
'random values',(2, [0.9950309624720177, 0.29752505225391845])
'action_idx,pos_values:',(5, [0.4266652762889862, 0.33674368262290955])
'random values',(0, [0.7188718001731037, 0.4640024161780769])
'action_idx,pos_values:',(6, [0.4412480890750885, 0.34792742133140564])
'random values',(8, [0.43019950095689174, 0.47810290304877834])
'action_idx,pos_values:',(9, [0.4831738770008087, 0.318649023771286])
'action_idx,pos_values:',(9, [0.5008825659751892, 0.31785374879837036])
'random values',(7, [0.45574990925936365, 0.08434347402094])
'random values',(1, [0.5176040945209441, 0.6007101802249543])
'random values',(3, [0.6062439111925082, 0.5374434376424708])
'action_idx,pos_values:',(5, [0.5536959171295166, 0.31595301628112793])
'action_idx,pos_values:',(9, [0.5475010871887207, 0.2623632550239563])
'action_idx,pos_values:',(6, [0.5471985936164856, 0.25757333636283875])
'action_idx,pos_values:',(6, [0.545294463634491, 0.24866917729377747])
'random values',(6, [0.247858972161614, 0.9005009981013334])
'action_idx,pos_values:',(6, [0.6039630770683289, 0.21462838351726532])
'random values',(3, [0.6094299025413739, 0.22767494688741985])
'action_idx,pos_values:',(6, [0.5098706483840942, 0.22838187217712402])
'action_idx,pos_values:',(6, [0.48844414949417114, 0.22771766781806946])
'action_idx,pos_values:',(8, [0.4853910803794861, 0.19934824109077454])
'action_idx,pos_values:',(0, [0.46333110332489014, 0.28701624274253845])
'random values',(4, [0.3951865918668821, 0.1241100232997342])
'action_idx,pos_values:',(0, [0.4548456370830536, 0.2457122951745987])
'action_idx,pos_values:',(0, [0.46889832615852356, 0.29820603132247925])
'action_idx,pos_values:',(0, [0.4710378646850586, 0.25708895921707153])
'random values',(5, [0.8276308768220098, 0.30360823767629497])
'random values',(9, [0.004126764040357278, 0.8401933355022339])
'random values',(2, [0.06430215753100921, 0.9570644970827941])
'action_idx,pos_values:',(3, [0.4841708242893219, 0.3785691559314728])
'random values',(8, [0.7603742780937573, 0.39789572772943615])
'action_idx,pos_values:',(3, [0.47765159606933594, 0.4191967248916626])
'action_idx,pos_values:',(1, [0.49078741669654846, 0.4437522888183594])
'action_idx,pos_values:',(9, [0.48940277099609375, 0.46565690636634827])
'random values',(9, [0.06480358274969777, 0.02499586461537262])
'action_idx,pos_values:',(1, [0.4522189795970917, 0.4393567740917206])
'action_idx,pos_values:',(5, [0.4852430820465088, 0.5375942587852478])
'action_idx,pos_values:',(5, [0.4606837034225464, 0.46990901231765747])
'action_idx,pos_values:',(5, [0.45833683013916016, 0.46783849596977234])
'action_idx,pos_values:',(2, [0.41648006439208984, 0.3517322838306427])
'action_idx,pos_values:',(1, [0.4570637345314026, 0.33684200048446655])
'action_idx,pos_values:',(9, [0.4784720838069916, 0.2608271837234497])
'random values',(7, [0.5875853932573656, 0.7817955071099868])
'random values',(0, [0.19817601373152138, 0.38610433057775695])
'action_idx,pos_values:',(3, [0.5188909769058228, 0.23377807438373566])
'random values',(7, [0.10051941474231141, 0.7944491894269434])
'action_idx,pos_values:',(3, [0.563016414642334, 0.23516014218330383])
'action_idx,pos_values:',(3, [0.5727168321609497, 0.2420041412115097])
'action_idx,pos_values:',(3, [0.6134800910949707, 0.2154725342988968])
'action_idx,pos_values:',(3, [0.5536453723907471, 0.27226945757865906])
'action_idx,pos_values:',(3, [0.5221105813980103, 0.28435295820236206])
'action_idx,pos_values:',(3, [0.49926304817199707, 0.29720473289489746])
'random values',(7, [0.23853179883136544, 0.9120997390736623])
'random values',(3, [0.27364886418857126, 0.640498925365455])
'random values',(7, [0.29617911966775723, 0.7968436931709194])
'action_idx,pos_values:',(3, [0.3999295234680176, 0.2923816442489624])
'action_idx,pos_values:',(0, [0.4460062086582184, 0.287729948759079])
'action_idx,pos_values:',(1, [0.4517429769039154, 0.26874271035194397])
'action_idx,pos_values:',(5, [0.4582105576992035, 0.2540399432182312])
'random values',(6, [0.8358782450469419, 0.7830323175263088])
'random values',(3, [0.4429319386294871, 0.3654936674598709])
'action_idx,pos_values:',(9, [0.46209630370140076, 0.22581903636455536])
'action_idx,pos_values:',(1, [0.44317829608917236, 0.25236475467681885])
'action_idx,pos_values:',(6, [0.4382128119468689, 0.3053363561630249])
'random values',(2, [0.3324792022800135, 0.5663609515257766])
'action_idx,pos_values:',(1, [0.41180509328842163, 0.31089338660240173])
'action_idx,pos_values:',(6, [0.4223010241985321, 0.3174355924129486])
'action_idx,pos_values:',(3, [0.43110015988349915, 0.28394222259521484])
'action_idx,pos_values:',(1, [0.4264850616455078, 0.3256305754184723])
'action_idx,pos_values:',(6, [0.43882712721824646, 0.3923172652721405])
'action_idx,pos_values:',(3, [0.42445382475852966, 0.3331209421157837])
'action_idx,pos_values:',(3, [0.40386253595352173, 0.3751395344734192])
'random values',(8, [0.8276963590778711, 0.06813007393821324])
'action_idx,pos_values:',(6, [0.3978206515312195, 0.40353015065193176])
'action_idx,pos_values:',(6, [0.38852575421333313, 0.38854625821113586])
'action_idx,pos_values:',(6, [0.37352585792541504, 0.3475353717803955])
'action_idx,pos_values:',(5, [0.39823073148727417, 0.3157399594783783])
'random values',(8, [0.748845673426497, 0.6162161354914965])
'random values',(0, [0.6098998815200602, 0.49305511737256913])
'action_idx,pos_values:',(5, [0.39585164189338684, 0.2760797441005707])
'action_idx,pos_values:',(5, [0.3981298804283142, 0.2656308114528656])
'action_idx,pos_values:',(6, [0.4138846695423126, 0.29537972807884216])
'random values',(7, [0.5591031635927037, 0.4662582996510667])
'action_idx,pos_values:',(7, [0.44406846165657043, 0.2602916359901428])
'action_idx,pos_values:',(6, [0.4551885426044464, 0.270346075296402])
'action_idx,pos_values:',(6, [0.45776572823524475, 0.32795506715774536])
'action_idx,pos_values:',(6, [0.47113221883773804, 0.3045773208141327])
'action_idx,pos_values:',(6, [0.4787539541721344, 0.3533598780632019])
'random values',(9, [0.9144562286895871, 0.566552321538232])
'random values',(1, [0.4718182315700751, 0.6896844508982688])
'action_idx,pos_values:',(8, [0.4642115533351898, 0.2988000810146332])
'action_idx,pos_values:',(6, [0.44878295063972473, 0.31487101316452026])
'action_idx,pos_values:',(8, [0.4279835522174835, 0.2415228933095932])
'action_idx,pos_values:',(8, [0.4090081453323364, 0.204712375998497])
'action_idx,pos_values:',(8, [0.38993406295776367, 0.24902492761611938])
'random values',(3, [0.19876551438428158, 0.40518492343065626])
'action_idx,pos_values:',(8, [0.41371795535087585, 0.33401060104370117])
'action_idx,pos_values:',(5, [0.38597768545150757, 0.30297401547431946])
'action_idx,pos_values:',(8, [0.42373883724212646, 0.39963221549987793])
'random values',(9, [0.5715254386603073, 0.9108099721072509])
'action_idx,pos_values:',(3, [0.3924514353275299, 0.306271493434906])
'action_idx,pos_values:',(3, [0.43057966232299805, 0.3476789891719818])
'action_idx,pos_values:',(6, [0.4493269920349121, 0.38817644119262695])
'action_idx,pos_values:',(6, [0.4722778797149658, 0.4044399857521057])
'action_idx,pos_values:',(6, [0.48302921652793884, 0.40787091851234436])
'action_idx,pos_values:',(6, [0.4845215082168579, 0.40892598032951355])
'action_idx,pos_values:',(6, [0.5160713791847229, 0.36762961745262146])
'random values',(5, [0.4956912586490495, 0.012085890713943948])
'action_idx,pos_values:',(5, [0.5425296425819397, 0.3534226417541504])
'random values',(2, [0.19562662563257405, 0.6166952234548536])
'random values',(5, [0.01863807684626506, 0.24653787114567438])
'action_idx,pos_values:',(5, [0.4245852828025818, 0.3116683065891266])
'random values',(2, [0.8911277866030746, 0.5942439747366178])
'random values',(0, [0.43760830482207114, 0.40719871894113424])
'action_idx,pos_values:',(9, [0.43695250153541565, 0.30546388030052185])
'random values',(3, [0.878003215852413, 0.9739585780251192])
'random values',(1, [0.29211112800169736, 0.5143106750905433])
'action_idx,pos_values:',(6, [0.4829098582267761, 0.35959887504577637])
'action_idx,pos_values:',(9, [0.5099811553955078, 0.3096106946468353])
'random values',(6, [0.7016460122287218, 0.441537407709229])
'action_idx,pos_values:',(6, [0.42635586857795715, 0.3054051697254181])
'random values',(3, [0.6793663872432176, 0.6689299609825121])
'action_idx,pos_values:',(6, [0.3997234106063843, 0.2975478172302246])
'action_idx,pos_values:',(9, [0.42040058970451355, 0.2549678385257721])
'action_idx,pos_values:',(9, [0.4245554506778717, 0.2628752291202545])
'action_idx,pos_values:',(9, [0.4587787389755249, 0.28312093019485474])
'action_idx,pos_values:',(7, [0.5093887448310852, 0.3022818863391876])
'action_idx,pos_values:',(7, [0.5369644165039062, 0.3178742229938507])
'random values',(6, [0.866234022439042, 0.19544632816519925])
'random values',(2, [0.14002824536791014, 0.5644261154548473])
'action_idx,pos_values:',(6, [0.42376071214675903, 0.36578500270843506])
'random values',(1, [0.6191517855658919, 0.9450348907645785])
'random values',(0, [0.998648832151775, 0.49356229479178604])
'action_idx,pos_values:',(9, [0.29683569073677063, 0.2971150875091553])
'random values',(9, [0.22743485246868123, 0.46034614165247933])
'action_idx,pos_values:',(3, [0.2331366240978241, 0.2895330488681793])
'action_idx,pos_values:',(3, [0.2659105062484741, 0.306645929813385])
'action_idx,pos_values:',(3, [0.27312231063842773, 0.30809324979782104])
'action_idx,pos_values:',(3, [0.31238240003585815, 0.3524465262889862])
'action_idx,pos_values:',(3, [0.34996339678764343, 0.37383773922920227])
'random values',(7, [0.8755506522744818, 0.8409879422846465])
'action_idx,pos_values:',(1, [0.4513245224952698, 0.3922342360019684])
'action_idx,pos_values:',(1, [0.48134657740592957, 0.38806548714637756])
'random values',(0, [0.173705616734544, 0.5652526629128772])
'action_idx,pos_values:',(7, [0.5009434223175049, 0.37654441595077515])
'action_idx,pos_values:',(7, [0.521331787109375, 0.3458297848701477])
'action_idx,pos_values:',(7, [0.5213938355445862, 0.3457767069339752])
'action_idx,pos_values:',(7, [0.507269561290741, 0.35087883472442627])
'action_idx,pos_values:',(7, [0.45631900429725647, 0.3754853904247284])
'action_idx,pos_values:',(7, [0.4710799753665924, 0.31722766160964966])
'action_idx,pos_values:',(7, [0.4279670715332031, 0.3498196601867676])
'action_idx,pos_values:',(3, [0.439983069896698, 0.26325905323028564])
'random values',(5, [0.5295974160635246, 0.17530142561541284])
'action_idx,pos_values:',(2, [0.4488394260406494, 0.31015920639038086])
'action_idx,pos_values:',(2, [0.4718864858150482, 0.3288825750350952])
'action_idx,pos_values:',(2, [0.4259187579154968, 0.29274216294288635])
'action_idx,pos_values:',(4, [0.47598525881767273, 0.3693539798259735])
'random values',(9, [0.44697108265941, 0.19079295479313096])
'action_idx,pos_values:',(2, [0.4475594162940979, 0.33983883261680603])
'action_idx,pos_values:',(2, [0.4475594162940979, 0.33983883261680603])
'action_idx,pos_values:',(2, [0.4524950385093689, 0.3405168354511261])
'random values',(6, [0.1556836268871663, 0.7541538424279564])
'action_idx,pos_values:',(4, [0.4791329503059387, 0.3687913119792938])
'action_idx,pos_values:',(2, [0.4524950385093689, 0.3405168354511261])
'random values',(3, [0.11364782683082642, 0.10212530846821866])
'action_idx,pos_values:',(2, [0.4285523593425751, 0.26756128668785095])
'action_idx,pos_values:',(2, [0.40104374289512634, 0.24391257762908936])
'random values',(8, [0.523910210526289, 0.0009803542486978012])
'action_idx,pos_values:',(2, [0.4037107527256012, 0.2518380582332611])
'random values',(0, [0.0407488824305241, 0.5373038865412963])
'action_idx,pos_values:',(2, [0.3788987398147583, 0.22817166149616241])
'action_idx,pos_values:',(4, [0.49587708711624146, 0.32915014028549194])
'action_idx,pos_values:',(2, [0.4524950385093689, 0.3405168354511261])
'action_idx,pos_values:',(2, [0.4189494550228119, 0.3110080063343048])
'action_idx,pos_values:',(4, [0.4791329503059387, 0.3687913119792938])
'action_idx,pos_values:',(4, [0.4791329503059387, 0.3687913119792938])
'action_idx,pos_values:',(4, [0.4480559229850769, 0.36478888988494873])
'random values',(3, [0.5081428410414989, 0.06408441785003804])
'random values',(3, [0.4262192011405257, 0.09335153672650554])
'action_idx,pos_values:',(4, [0.45313596725463867, 0.3725120723247528])
'action_idx,pos_values:',(4, [0.4480559229850769, 0.36478888988494873])
'action_idx,pos_values:',(4, [0.4480559229850769, 0.36478888988494873])
