'action_idx,pos_values:',(0, [0.34302932024002075, 0.3043295443058014])
'random values',(9, [0.8099086728141299, 0.7951950699058923])
'random values',(0, [0.3957749946914688, 0.1112838523795664])
'random values',(4, [0.5654401462322066, 0.13700665714107552])
'action_idx,pos_values:',(0, [0.39592257142066956, 0.4294477701187134])
'random values',(1, [0.6370770673178363, 0.5481671891733639])
'action_idx,pos_values:',(0, [0.39592257142066956, 0.4294477701187134])
'action_idx,pos_values:',(0, [0.39592257142066956, 0.4294477701187134])
'action_idx,pos_values:',(0, [0.39477986097335815, 0.4362967610359192])
'action_idx,pos_values:',(0, [0.39477986097335815, 0.4362967610359192])
'random values',(2, [0.5943748350334093, 0.7542597675468048])
'action_idx,pos_values:',(0, [0.39477986097335815, 0.4362967610359192])
'action_idx,pos_values:',(0, [0.3775910437107086, 0.39928382635116577])
'action_idx,pos_values:',(0, [0.3775910437107086, 0.39928382635116577])
'action_idx,pos_values:',(0, [0.3775910437107086, 0.39928382635116577])
'action_idx,pos_values:',(0, [0.3775910437107086, 0.39928382635116577])
'action_idx,pos_values:',(0, [0.3252107799053192, 0.2954145669937134])
'action_idx,pos_values:',(0, [0.36098262667655945, 0.3916216492652893])
'action_idx,pos_values:',(0, [0.3252107799053192, 0.2954145669937134])
'action_idx,pos_values:',(0, [0.3252107799053192, 0.2954145669937134])
'action_idx,pos_values:',(0, [0.38530561327934265, 0.47226887941360474])
'action_idx,pos_values:',(0, [0.37855952978134155, 0.3602820932865143])
'random values',(1, [0.34726072455348433, 0.7014855697240392])
'action_idx,pos_values:',(0, [0.39477986097335815, 0.4362967610359192])
'action_idx,pos_values:',(0, [0.39477986097335815, 0.4362967610359192])
'action_idx,pos_values:',(0, [0.39477986097335815, 0.4362967610359192])
'action_idx,pos_values:',(0, [0.39000949263572693, 0.4707005023956299])
'action_idx,pos_values:',(0, [0.39477986097335815, 0.4362967610359192])
'action_idx,pos_values:',(0, [0.39000949263572693, 0.4707005023956299])
'action_idx,pos_values:',(0, [0.39477986097335815, 0.4362967610359192])
